# JRE version: OpenJDK Runtime Environment Temurin-17.0.16+8 (17.0.16+8) (build 17.0.16+8)
# Java VM: OpenJDK 64-Bit Server VM Temurin-17.0.16+8 (17.0.16+8, mixed mode, sharing, tiered, compressed oops, compressed class ptrs, parallel gc, windows-amd64)
GC Precious Log:
 CPUs: 16 total, 16 available
 Memory: 16314M
 Large Page Support: Disabled
 NUMA Support: Disabled
 Compressed Oops: Enabled (32-bit)
 Alignments: Space 512K, Generation 512K, Heap 2M
 Heap Min Capacity: 100M
 Heap Initial Capacity: 100M
 Heap Max Capacity: 1G
 Pre-touch: Disabled
 Parallel Workers: 13
Heap:
 PSYoungGen      total 3072K, used 2592K [0x00000000eab00000, 0x00000000eaf00000, 0x0000000100000000)
  eden space 2048K, 100% used [0x00000000eab00000,0x00000000ead00000,0x00000000ead00000)
  from space 1024K, 53% used [0x00000000ead00000,0x00000000ead88020,0x00000000eae00000)
  to   space 1024K, 0% used [0x00000000eae00000,0x00000000eae00000,0x00000000eaf00000)
 ParOldGen       total 127488K, used 126985K [0x00000000c0000000, 0x00000000c7c80000, 0x00000000eab00000)
  object space 127488K, 99% used [0x00000000c0000000,0x00000000c7c02678,0x00000000c7c80000)
 Metaspace       used 96163K, committed 97344K, reserved 1179648K
  class space    used 9875K, committed 10432K, reserved 1048576K
GC Heap History (20 events):
Event: 36646.916 GC heap after
{Heap after GC invocations=12691 (full 348):
 PSYoungGen      total 3072K, used 1024K [0x00000000eab00000, 0x00000000eb080000, 0x0000000100000000)
  eden space 2048K, 0% used [0x00000000eab00000,0x00000000eab00000,0x00000000ead00000)
  from space 1024K, 100% used [0x00000000eae80000,0x00000000eaf80000,0x00000000eaf80000)
  to   space 1536K, 0% used [0x00000000ead00000,0x00000000ead00000,0x00000000eae80000)
 ParOldGen       total 127488K, used 121898K [0x00000000c0000000, 0x00000000c7c80000, 0x00000000eab00000)
  object space 127488K, 95% used [0x00000000c0000000,0x00000000c770a8f8,0x00000000c7c80000)
 Metaspace       used 96163K, committed 97344K, reserved 1179648K
  class space    used 9875K, committed 10432K, reserved 1048576K
}
Event: 36646.918 GC heap before
{Heap before GC invocations=12692 (full 348):
 PSYoungGen      total 3072K, used 3072K [0x00000000eab00000, 0x00000000eb080000, 0x0000000100000000)
  eden space 2048K, 100% used [0x00000000eab00000,0x00000000ead00000,0x00000000ead00000)
  from space 1024K, 100% used [0x00000000eae80000,0x00000000eaf80000,0x00000000eaf80000)
  to   space 1536K, 0% used [0x00000000ead00000,0x00000000ead00000,0x00000000eae80000)
 ParOldGen       total 127488K, used 121898K [0x00000000c0000000, 0x00000000c7c80000, 0x00000000eab00000)
  object space 127488K, 95% used [0x00000000c0000000,0x00000000c770a8f8,0x00000000c7c80000)
 Metaspace       used 96163K, committed 97344K, reserved 1179648K
  class space    used 9875K, committed 10432K, reserved 1048576K
}
Event: 36646.919 GC heap after
{Heap after GC invocations=12692 (full 348):
 PSYoungGen      total 3072K, used 704K [0x00000000eab00000, 0x00000000eaf00000, 0x0000000100000000)
  eden space 2048K, 0% used [0x00000000eab00000,0x00000000eab00000,0x00000000ead00000)
  from space 1024K, 68% used [0x00000000ead00000,0x00000000eadb0000,0x00000000eae00000)
  to   space 1024K, 0% used [0x00000000eae00000,0x00000000eae00000,0x00000000eaf00000)
 ParOldGen       total 127488K, used 122934K [0x00000000c0000000, 0x00000000c7c80000, 0x00000000eab00000)
  object space 127488K, 96% used [0x00000000c0000000,0x00000000c780d848,0x00000000c7c80000)
 Metaspace       used 96163K, committed 97344K, reserved 1179648K
  class space    used 9875K, committed 10432K, reserved 1048576K
}
Event: 36647.113 GC heap before
{Heap before GC invocations=12693 (full 348):
 PSYoungGen      total 3072K, used 2752K [0x00000000eab00000, 0x00000000eaf00000, 0x0000000100000000)
  eden space 2048K, 100% used [0x00000000eab00000,0x00000000ead00000,0x00000000ead00000)
  from space 1024K, 68% used [0x00000000ead00000,0x00000000eadb0000,0x00000000eae00000)
  to   space 1024K, 0% used [0x00000000eae00000,0x00000000eae00000,0x00000000eaf00000)
 ParOldGen       total 127488K, used 122934K [0x00000000c0000000, 0x00000000c7c80000, 0x00000000eab00000)
  object space 127488K, 96% used [0x00000000c0000000,0x00000000c780d848,0x00000000c7c80000)
 Metaspace       used 96163K, committed 97344K, reserved 1179648K
  class space    used 9875K, committed 10432K, reserved 1048576K
}
Event: 36647.114 GC heap after
{Heap after GC invocations=12693 (full 348):
 PSYoungGen      total 3072K, used 544K [0x00000000eab00000, 0x00000000eaf00000, 0x0000000100000000)
  eden space 2048K, 0% used [0x00000000eab00000,0x00000000eab00000,0x00000000ead00000)
  from space 1024K, 53% used [0x00000000eae00000,0x00000000eae88000,0x00000000eaf00000)
  to   space 1024K, 0% used [0x00000000ead00000,0x00000000ead00000,0x00000000eae00000)
 ParOldGen       total 127488K, used 123454K [0x00000000c0000000, 0x00000000c7c80000, 0x00000000eab00000)
  object space 127488K, 96% used [0x00000000c0000000,0x00000000c788f848,0x00000000c7c80000)
 Metaspace       used 96163K, committed 97344K, reserved 1179648K
  class space    used 9875K, committed 10432K, reserved 1048576K
}
Event: 36647.116 GC heap before
{Heap before GC invocations=12694 (full 348):
 PSYoungGen      total 3072K, used 2592K [0x00000000eab00000, 0x00000000eaf00000, 0x0000000100000000)
  eden space 2048K, 100% used [0x00000000eab00000,0x00000000ead00000,0x00000000ead00000)
  from space 1024K, 53% used [0x00000000eae00000,0x00000000eae88000,0x00000000eaf00000)
  to   space 1024K, 0% used [0x00000000ead00000,0x00000000ead00000,0x00000000eae00000)
 ParOldGen       total 127488K, used 123454K [0x00000000c0000000, 0x00000000c7c80000, 0x00000000eab00000)
  object space 127488K, 96% used [0x00000000c0000000,0x00000000c788f848,0x00000000c7c80000)
 Metaspace       used 96163K, committed 97344K, reserved 1179648K
  class space    used 9875K, committed 10432K, reserved 1048576K
}
Event: 36647.117 GC heap after
{Heap after GC invocations=12694 (full 348):
 PSYoungGen      total 3072K, used 720K [0x00000000eab00000, 0x00000000eaf00000, 0x0000000100000000)
  eden space 2048K, 0% used [0x00000000eab00000,0x00000000eab00000,0x00000000ead00000)
  from space 1024K, 70% used [0x00000000ead00000,0x00000000eadb4030,0x00000000eae00000)
  to   space 1024K, 0% used [0x00000000eae00000,0x00000000eae00000,0x00000000eaf00000)
 ParOldGen       total 127488K, used 123830K [0x00000000c0000000, 0x00000000c7c80000, 0x00000000eab00000)
  object space 127488K, 97% used [0x00000000c0000000,0x00000000c78ed848,0x00000000c7c80000)
 Metaspace       used 96163K, committed 97344K, reserved 1179648K
  class space    used 9875K, committed 10432K, reserved 1048576K
}
Event: 36647.119 GC heap before
{Heap before GC invocations=12695 (full 348):
 PSYoungGen      total 3072K, used 2768K [0x00000000eab00000, 0x00000000eaf00000, 0x0000000100000000)
  eden space 2048K, 100% used [0x00000000eab00000,0x00000000ead00000,0x00000000ead00000)
  from space 1024K, 70% used [0x00000000ead00000,0x00000000eadb4030,0x00000000eae00000)
  to   space 1024K, 0% used [0x00000000eae00000,0x00000000eae00000,0x00000000eaf00000)
 ParOldGen       total 127488K, used 123830K [0x00000000c0000000, 0x00000000c7c80000, 0x00000000eab00000)
  object space 127488K, 97% used [0x00000000c0000000,0x00000000c78ed848,0x00000000c7c80000)
 Metaspace       used 96163K, committed 97344K, reserved 1179648K
  class space    used 9875K, committed 10432K, reserved 1048576K
}
Event: 36647.120 GC heap after
{Heap after GC invocations=12695 (full 348):
 PSYoungGen      total 3072K, used 704K [0x00000000eab00000, 0x00000000eaf00000, 0x0000000100000000)
  eden space 2048K, 0% used [0x00000000eab00000,0x00000000eab00000,0x00000000ead00000)
  from space 1024K, 68% used [0x00000000eae00000,0x00000000eaeb0000,0x00000000eaf00000)
  to   space 1024K, 0% used [0x00000000ead00000,0x00000000ead00000,0x00000000eae00000)
 ParOldGen       total 127488K, used 124354K [0x00000000c0000000, 0x00000000c7c80000, 0x00000000eab00000)
  object space 127488K, 97% used [0x00000000c0000000,0x00000000c7970b88,0x00000000c7c80000)
 Metaspace       used 96163K, committed 97344K, reserved 1179648K
  class space    used 9875K, committed 10432K, reserved 1048576K
}
Event: 36647.260 GC heap before
{Heap before GC invocations=12696 (full 348):
 PSYoungGen      total 3072K, used 2751K [0x00000000eab00000, 0x00000000eaf00000, 0x0000000100000000)
  eden space 2048K, 99% used [0x00000000eab00000,0x00000000eacfffc8,0x00000000ead00000)
  from space 1024K, 68% used [0x00000000eae00000,0x00000000eaeb0000,0x00000000eaf00000)
  to   space 1024K, 0% used [0x00000000ead00000,0x00000000ead00000,0x00000000eae00000)
 ParOldGen       total 127488K, used 124354K [0x00000000c0000000, 0x00000000c7c80000, 0x00000000eab00000)
  object space 127488K, 97% used [0x00000000c0000000,0x00000000c7970b88,0x00000000c7c80000)
 Metaspace       used 96163K, committed 97344K, reserved 1179648K
  class space    used 9875K, committed 10432K, reserved 1048576K
}
Event: 36647.261 GC heap after
{Heap after GC invocations=12696 (full 348):
 PSYoungGen      total 3072K, used 672K [0x00000000eab00000, 0x00000000eaf00000, 0x0000000100000000)
  eden space 2048K, 0% used [0x00000000eab00000,0x00000000eab00000,0x00000000ead00000)
  from space 1024K, 65% used [0x00000000ead00000,0x00000000eada8000,0x00000000eae00000)
  to   space 1024K, 0% used [0x00000000eae00000,0x00000000eae00000,0x00000000eaf00000)
 ParOldGen       total 127488K, used 124906K [0x00000000c0000000, 0x00000000c7c80000, 0x00000000eab00000)
  object space 127488K, 97% used [0x00000000c0000000,0x00000000c79fab88,0x00000000c7c80000)
 Metaspace       used 96163K, committed 97344K, reserved 1179648K
  class space    used 9875K, committed 10432K, reserved 1048576K
}
Event: 36647.339 GC heap before
{Heap before GC invocations=12697 (full 348):
 PSYoungGen      total 3072K, used 2720K [0x00000000eab00000, 0x00000000eaf00000, 0x0000000100000000)
  eden space 2048K, 100% used [0x00000000eab00000,0x00000000ead00000,0x00000000ead00000)
  from space 1024K, 65% used [0x00000000ead00000,0x00000000eada8000,0x00000000eae00000)
  to   space 1024K, 0% used [0x00000000eae00000,0x00000000eae00000,0x00000000eaf00000)
 ParOldGen       total 127488K, used 124906K [0x00000000c0000000, 0x00000000c7c80000, 0x00000000eab00000)
  object space 127488K, 97% used [0x00000000c0000000,0x00000000c79fab88,0x00000000c7c80000)
 Metaspace       used 96163K, committed 97344K, reserved 1179648K
  class space    used 9875K, committed 10432K, reserved 1048576K
}
Event: 36647.340 GC heap after
{Heap after GC invocations=12697 (full 348):
 PSYoungGen      total 3072K, used 528K [0x00000000eab00000, 0x00000000eaf00000, 0x0000000100000000)
  eden space 2048K, 0% used [0x00000000eab00000,0x00000000eab00000,0x00000000ead00000)
  from space 1024K, 51% used [0x00000000eae00000,0x00000000eae84030,0x00000000eaf00000)
  to   space 1024K, 0% used [0x00000000ead00000,0x00000000ead00000,0x00000000eae00000)
 ParOldGen       total 127488K, used 125419K [0x00000000c0000000, 0x00000000c7c80000, 0x00000000eab00000)
  object space 127488K, 98% used [0x00000000c0000000,0x00000000c7a7ae28,0x00000000c7c80000)
 Metaspace       used 96163K, committed 97344K, reserved 1179648K
  class space    used 9875K, committed 10432K, reserved 1048576K
}
Event: 36647.343 GC heap before
{Heap before GC invocations=12698 (full 348):
 PSYoungGen      total 3072K, used 2576K [0x00000000eab00000, 0x00000000eaf00000, 0x0000000100000000)
  eden space 2048K, 100% used [0x00000000eab00000,0x00000000ead00000,0x00000000ead00000)
  from space 1024K, 51% used [0x00000000eae00000,0x00000000eae84030,0x00000000eaf00000)
  to   space 1024K, 0% used [0x00000000ead00000,0x00000000ead00000,0x00000000eae00000)
 ParOldGen       total 127488K, used 125419K [0x00000000c0000000, 0x00000000c7c80000, 0x00000000eab00000)
  object space 127488K, 98% used [0x00000000c0000000,0x00000000c7a7ae28,0x00000000c7c80000)
 Metaspace       used 96163K, committed 97344K, reserved 1179648K
  class space    used 9875K, committed 10432K, reserved 1048576K
}
Event: 36647.343 GC heap after
{Heap after GC invocations=12698 (full 348):
 PSYoungGen      total 3072K, used 736K [0x00000000eab00000, 0x00000000eaf00000, 0x0000000100000000)
  eden space 2048K, 0% used [0x00000000eab00000,0x00000000eab00000,0x00000000ead00000)
  from space 1024K, 71% used [0x00000000ead00000,0x00000000eadb8000,0x00000000eae00000)
  to   space 1024K, 0% used [0x00000000eae00000,0x00000000eae00000,0x00000000eaf00000)
 ParOldGen       total 127488K, used 125803K [0x00000000c0000000, 0x00000000c7c80000, 0x00000000eab00000)
  object space 127488K, 98% used [0x00000000c0000000,0x00000000c7adaec8,0x00000000c7c80000)
 Metaspace       used 96163K, committed 97344K, reserved 1179648K
  class space    used 9875K, committed 10432K, reserved 1048576K
}
Event: 36647.346 GC heap before
{Heap before GC invocations=12699 (full 348):
 PSYoungGen      total 3072K, used 2784K [0x00000000eab00000, 0x00000000eaf00000, 0x0000000100000000)
  eden space 2048K, 100% used [0x00000000eab00000,0x00000000ead00000,0x00000000ead00000)
  from space 1024K, 71% used [0x00000000ead00000,0x00000000eadb8000,0x00000000eae00000)
  to   space 1024K, 0% used [0x00000000eae00000,0x00000000eae00000,0x00000000eaf00000)
 ParOldGen       total 127488K, used 125803K [0x00000000c0000000, 0x00000000c7c80000, 0x00000000eab00000)
  object space 127488K, 98% used [0x00000000c0000000,0x00000000c7adaec8,0x00000000c7c80000)
 Metaspace       used 96163K, committed 97344K, reserved 1179648K
  class space    used 9875K, committed 10432K, reserved 1048576K
}
Event: 36647.347 GC heap after
{Heap after GC invocations=12699 (full 348):
 PSYoungGen      total 3072K, used 768K [0x00000000eab00000, 0x00000000eaf00000, 0x0000000100000000)
  eden space 2048K, 0% used [0x00000000eab00000,0x00000000eab00000,0x00000000ead00000)
  from space 1024K, 75% used [0x00000000eae00000,0x00000000eaec0000,0x00000000eaf00000)
  to   space 1024K, 0% used [0x00000000ead00000,0x00000000ead00000,0x00000000eae00000)
 ParOldGen       total 127488K, used 126375K [0x00000000c0000000, 0x00000000c7c80000, 0x00000000eab00000)
  object space 127488K, 99% used [0x00000000c0000000,0x00000000c7b69ed8,0x00000000c7c80000)
 Metaspace       used 96163K, committed 97344K, reserved 1179648K
  class space    used 9875K, committed 10432K, reserved 1048576K
}
Event: 36647.504 GC heap before
{Heap before GC invocations=12700 (full 348):
 PSYoungGen      total 3072K, used 2816K [0x00000000eab00000, 0x00000000eaf00000, 0x0000000100000000)
  eden space 2048K, 100% used [0x00000000eab00000,0x00000000ead00000,0x00000000ead00000)
  from space 1024K, 75% used [0x00000000eae00000,0x00000000eaec0000,0x00000000eaf00000)
  to   space 1024K, 0% used [0x00000000ead00000,0x00000000ead00000,0x00000000eae00000)
 ParOldGen       total 127488K, used 126375K [0x00000000c0000000, 0x00000000c7c80000, 0x00000000eab00000)
  object space 127488K, 99% used [0x00000000c0000000,0x00000000c7b69ed8,0x00000000c7c80000)
 Metaspace       used 96163K, committed 97344K, reserved 1179648K
  class space    used 9875K, committed 10432K, reserved 1048576K
}
Event: 36647.504 GC heap after
{Heap after GC invocations=12700 (full 348):
 PSYoungGen      total 3072K, used 544K [0x00000000eab00000, 0x00000000eaf00000, 0x0000000100000000)
  eden space 2048K, 0% used [0x00000000eab00000,0x00000000eab00000,0x00000000ead00000)
  from space 1024K, 53% used [0x00000000ead00000,0x00000000ead88020,0x00000000eae00000)
  to   space 1024K, 0% used [0x00000000eae00000,0x00000000eae00000,0x00000000eaf00000)
 ParOldGen       total 127488K, used 126985K [0x00000000c0000000, 0x00000000c7c80000, 0x00000000eab00000)
  object space 127488K, 99% used [0x00000000c0000000,0x00000000c7c02678,0x00000000c7c80000)
 Metaspace       used 96163K, committed 97344K, reserved 1179648K
  class space    used 9875K, committed 10432K, reserved 1048576K
}
Event: 36647.507 GC heap before
{Heap before GC invocations=12701 (full 349):
 PSYoungGen      total 3072K, used 2592K [0x00000000eab00000, 0x00000000eaf00000, 0x0000000100000000)
  eden space 2048K, 100% used [0x00000000eab00000,0x00000000ead00000,0x00000000ead00000)
  from space 1024K, 53% used [0x00000000ead00000,0x00000000ead88020,0x00000000eae00000)
  to   space 1024K, 0% used [0x00000000eae00000,0x00000000eae00000,0x00000000eaf00000)
 ParOldGen       total 127488K, used 126985K [0x00000000c0000000, 0x00000000c7c80000, 0x00000000eab00000)
  object space 127488K, 99% used [0x00000000c0000000,0x00000000c7c02678,0x00000000c7c80000)
 Metaspace       used 96163K, committed 97344K, reserved 1179648K
  class space    used 9875K, committed 10432K, reserved 1048576K
}

